This is pdfTeX, Version 3.1415926-2.5-1.40.14 (MiKTeX 2.9) (preloaded format=pdflatex 2014.11.18)  26 NOV 2014 12:45
entering extended mode
**document.tex
(F:\workspace\NuFiDocumentation\document.tex
LaTeX2e <2011/06/27>
Babel <v3.8m> and hyphenation patterns for english, afrikaans, ancientgreek, ar
abic, armenian, assamese, basque, bengali, bokmal, bulgarian, catalan, coptic, 
croatian, czech, danish, dutch, esperanto, estonian, farsi, finnish, french, ga
lician, german, german-x-2013-05-26, greek, gujarati, hindi, hungarian, iceland
ic, indonesian, interlingua, irish, italian, kannada, kurmanji, latin, latvian,
 lithuanian, malayalam, marathi, mongolian, mongolianlmc, monogreek, ngerman, n
german-x-2013-05-26, nynorsk, oriya, panjabi, pinyin, polish, portuguese, roman
ian, russian, sanskrit, serbian, slovak, slovenian, spanish, swedish, swissgerm
an, tamil, telugu, turkish, turkmen, ukenglish, ukrainian, uppersorbian, usengl
ishmax, welsh, loaded.
(E:\Tools\MiKTeX\tex\latex\base\article.cls
Document Class: article 2007/10/19 v1.4h Standard LaTeX document class
(E:\Tools\MiKTeX\tex\latex\base\size12.clo
File: size12.clo 2007/10/19 v1.4h Standard LaTeX file (size option)
)
\c@part=\count79
\c@section=\count80
\c@subsection=\count81
\c@subsubsection=\count82
\c@paragraph=\count83
\c@subparagraph=\count84
\c@figure=\count85
\c@table=\count86
\abovecaptionskip=\skip41
\belowcaptionskip=\skip42
\bibindent=\dimen102
)
(E:\Tools\MiKTeX\tex\generic\babel\babel.sty
Package: babel 2008/07/08 v3.8m The Babel package

*************************************
* Local config file bblopts.cfg used
*
(E:\Tools\MiKTeX\tex\latex\00miktex\bblopts.cfg
File: bblopts.cfg 2006/07/31 v1.0 MiKTeX 'babel' configuration
)
(E:\Tools\MiKTeX\tex\generic\babel\english.ldf
Language: english 2005/03/30 v3.3o English support from the babel system

(E:\Tools\MiKTeX\tex\generic\babel\babel.def
File: babel.def 2008/07/08 v3.8m Babel common definitions
\babel@savecnt=\count87
\U@D=\dimen103
)
\l@canadian = a dialect from \language\l@american 
\l@australian = a dialect from \language\l@british 
\l@newzealand = a dialect from \language\l@british 
))
(E:\Tools\MiKTeX\tex\latex\base\inputenc.sty
Package: inputenc 2008/03/30 v1.1d Input encoding file
\inpenc@prehook=\toks14
\inpenc@posthook=\toks15

(E:\Tools\MiKTeX\tex\latex\base\ansinew.def
File: ansinew.def 2008/03/30 v1.1d Input encoding file
))
(E:\Tools\MiKTeX\tex\latex\natbib\natbib.sty
Package: natbib 2010/09/13 8.31b (PWD, AO)
\bibhang=\skip43
\bibsep=\skip44
LaTeX Info: Redefining \cite on input line 694.
\c@NAT@ctr=\count88
)
(E:\Tools\MiKTeX\tex\latex\graphics\graphicx.sty
Package: graphicx 1999/02/16 v1.0f Enhanced LaTeX Graphics (DPC,SPQR)

(E:\Tools\MiKTeX\tex\latex\graphics\keyval.sty
Package: keyval 1999/03/16 v1.13 key=value parser (DPC)
\KV@toks@=\toks16
)
(E:\Tools\MiKTeX\tex\latex\graphics\graphics.sty
Package: graphics 2009/02/05 v1.0o Standard LaTeX Graphics (DPC,SPQR)

(E:\Tools\MiKTeX\tex\latex\graphics\trig.sty
Package: trig 1999/03/16 v1.09 sin cos tan (DPC)
)
(E:\Tools\MiKTeX\tex\latex\00miktex\graphics.cfg
File: graphics.cfg 2007/01/18 v1.5 graphics configuration of teTeX/TeXLive
)
Package graphics Info: Driver file: pdftex.def on input line 91.

(E:\Tools\MiKTeX\tex\latex\pdftex-def\pdftex.def
File: pdftex.def 2011/05/27 v0.06d Graphics/color for pdfTeX

(E:\Tools\MiKTeX\tex\generic\oberdiek\infwarerr.sty
Package: infwarerr 2010/04/08 v1.3 Providing info/warning/error messages (HO)
)
(E:\Tools\MiKTeX\tex\generic\oberdiek\ltxcmds.sty
Package: ltxcmds 2011/11/09 v1.22 LaTeX kernel commands for general use (HO)
)
\Gread@gobject=\count89
))
\Gin@req@height=\dimen104
\Gin@req@width=\dimen105
)
(E:\Tools\MiKTeX\tex\latex\listings\listings.sty
\lst@mode=\count90
\lst@gtempboxa=\box26
\lst@token=\toks17
\lst@length=\count91
\lst@currlwidth=\dimen106
\lst@column=\count92
\lst@pos=\count93
\lst@lostspace=\dimen107
\lst@width=\dimen108
\lst@newlines=\count94
\lst@lineno=\count95
\lst@maxwidth=\dimen109

(E:\Tools\MiKTeX\tex\latex\listings\lstmisc.sty
File: lstmisc.sty 2014/09/06 1.5e (Carsten Heinz)
\c@lstnumber=\count96
\lst@skipnumbers=\count97
\lst@framebox=\box27
)
(E:\Tools\MiKTeX\tex\latex\listings\listings.cfg
File: listings.cfg 2014/09/06 1.5e listings configuration
))
Package: listings 2014/09/06 1.5e (Carsten Heinz)

(E:\Tools\MiKTeX\tex\latex\lstaddons\lstautogobble.sty
Package: lstautogobble 2012/05/03 v0.1 Implements 'autogobble' option for 'list
ings'
\lstag@spacecount=\count98
)
(E:\Tools\MiKTeX\tex\latex\graphics\color.sty
Package: color 2005/11/14 v1.0j Standard LaTeX Color (DPC)

(E:\Tools\MiKTeX\tex\latex\00miktex\color.cfg
File: color.cfg 2007/01/18 v1.5 color configuration of teTeX/TeXLive
)
Package color Info: Driver file: pdftex.def on input line 130.

(E:\Tools\MiKTeX\tex\latex\graphics\dvipsnam.def
File: dvipsnam.def 1999/02/16 v3.0i Driver-dependant file (DPC,SPQR)
))
(E:\Tools\MiKTeX\tex\latex\float\float.sty
Package: float 2001/11/08 v1.3d Float enhancements (AL)
\c@float@type=\count99
\float@exts=\toks18
\float@box=\box28
\@float@everytoks=\toks19
\@floatcapt=\box29
)
(E:\Tools\MiKTeX\tex\latex\caption\caption.sty
Package: caption 2013/05/02 v3.3-89 Customizing captions (AR)

(E:\Tools\MiKTeX\tex\latex\caption\caption3.sty
Package: caption3 2013/05/02 v1.6-88 caption3 kernel (AR)
Package caption3 Info: TeX engine: e-TeX on input line 57.
\captionmargin=\dimen110
\captionmargin@=\dimen111
\captionwidth=\dimen112
\caption@tempdima=\dimen113
\caption@indent=\dimen114
\caption@parindent=\dimen115
\caption@hangindent=\dimen116
)
\c@ContinuedFloat=\count100
Package caption Info: float package is loaded.
Package caption Info: listings package is loaded.
)
(E:\Tools\MiKTeX\tex\latex\caption\subcaption.sty
Package: subcaption 2013/02/03 v1.1-62 Sub-captions (AR)
\c@subfigure=\count101
\c@subtable=\count102
)
(E:\Tools\MiKTeX\tex\latex\wrapfig\wrapfig.sty
\wrapoverhang=\dimen117
\WF@size=\dimen118
\c@WF@wrappedlines=\count103
\WF@box=\box30
\WF@everypar=\toks20
Package: wrapfig 2003/01/31  v 3.6
)
(E:\Tools\MiKTeX\tex\latex\fancyhdr\fancyhdr.sty
\fancy@headwidth=\skip45
\f@ncyO@elh=\skip46
\f@ncyO@erh=\skip47
\f@ncyO@olh=\skip48
\f@ncyO@orh=\skip49
\f@ncyO@elf=\skip50
\f@ncyO@erf=\skip51
\f@ncyO@olf=\skip52
\f@ncyO@orf=\skip53
)
(E:\Tools\MiKTeX\tex\latex\listings\lstlang1.sty
File: lstlang1.sty 2014/09/06 1.5e listings language file
)
(F:\workspace\NuFiDocumentation\document.aux

! Package natbib Error: Bibliography not compatible with author-year citations.

(natbib)                Press <return> to continue in numerical citation style.


See the natbib package documentation for explanation.
Type  H <return>  for immediate help.
 ...                                              
                                                  
l.81 ...mand\NAT@force@numbers{}\NAT@force@numbers
                                                  
Check the bibliography entries for non-compliant syntax,
or select author-year BibTeX style, e.g. plainnat

)
LaTeX Font Info:    Checking defaults for OML/cmm/m/it on input line 49.
LaTeX Font Info:    ... okay on input line 49.
LaTeX Font Info:    Checking defaults for T1/cmr/m/n on input line 49.
LaTeX Font Info:    ... okay on input line 49.
LaTeX Font Info:    Checking defaults for OT1/cmr/m/n on input line 49.
LaTeX Font Info:    ... okay on input line 49.
LaTeX Font Info:    Checking defaults for OMS/cmsy/m/n on input line 49.
LaTeX Font Info:    ... okay on input line 49.
LaTeX Font Info:    Checking defaults for OMX/cmex/m/n on input line 49.
LaTeX Font Info:    ... okay on input line 49.
LaTeX Font Info:    Checking defaults for U/cmr/m/n on input line 49.
LaTeX Font Info:    ... okay on input line 49.
 (E:\Tools\MiKTeX\tex\context\base\supp-pdf.mkii
[Loading MPS to PDF converter (version 2006.09.02).]
\scratchcounter=\count104
\scratchdimen=\dimen119
\scratchbox=\box31
\nofMPsegments=\count105
\nofMParguments=\count106
\everyMPshowfont=\toks21
\MPscratchCnt=\count107
\MPscratchDim=\dimen120
\MPnumerator=\count108
\makeMPintoPDFobject=\count109
\everyMPtoPDFconversion=\toks22
)
\c@lstlisting=\count110
Package caption Info: Begin \AtBeginDocument code.
Package caption Info: wrapfig package is loaded.
Package caption Info: End \AtBeginDocument code.
LaTeX Font Info:    External font `cmex10' loaded for size
(Font)              <14.4> on input line 56.
LaTeX Font Info:    External font `cmex10' loaded for size
(Font)              <7> on input line 56.
 [1

{C:/Users/Nico/AppData/Local/MiKTeX/2.9/pdftex/config/pdftex.map}]
(F:\workspace\NuFiDocumentation\document.toc
LaTeX Font Info:    External font `cmex10' loaded for size
(Font)              <12> on input line 3.
LaTeX Font Info:    External font `cmex10' loaded for size
(Font)              <8> on input line 3.
LaTeX Font Info:    External font `cmex10' loaded for size
(Font)              <6> on input line 3.
)
\tf@toc=\write3
 [2]
(F:\workspace\NuFiDocumentation\document.lof)
\tf@lof=\write4
 [3]
(F:\workspace\NuFiDocumentation\document.lot)
\tf@lot=\write5
 [4]
LaTeX Font Info:    External font `cmex10' loaded for size
(Font)              <5> on input line 76.

Overfull \hbox (4.89417pt too wide) in paragraph at lines 75--79
[]\OT1/cmr/m/n/12 Currently nu-cle-oli are de-tected us-ing an ap-pli-ca-tion c
alled Cell-Pro-filer[]. While
 []

<images/cellprofiler_channel1.png, id=18, 1393.205pt x 1043.9pt>
File: images/cellprofiler_channel1.png Graphic file (type png)

<use images/cellprofiler_channel1.png>
Package pdftex.def Info: images/cellprofiler_channel1.png used on input line 93
.
(pdftex.def)             Requested size: 390.0pt x 292.21036pt.


LaTeX Warning: `h' float specifier changed to `ht'.

[5]
LaTeX Font Info:    Try loading font information for OMS+cmr on input line 102.

 (E:\Tools\MiKTeX\tex\latex\base\omscmr.fd
File: omscmr.fd 1999/05/25 v2.5h Standard LaTeX font definitions
)
LaTeX Font Info:    Font shape `OMS/cmr/m/n' in size <12> not available
(Font)              Font shape `OMS/cmsy/m/n' tried instead on input line 102.
 [6 <F:/workspace/NuFiDocumentation/images/cellprofiler_channel1.png (PNG copy)
>] [7]
LaTeX Font Info:    Try loading font information for OML+cmr on input line 155.


(E:\Tools\MiKTeX\tex\latex\base\omlcmr.fd
File: omlcmr.fd 1999/05/25 v2.5h Standard LaTeX font definitions
)
LaTeX Font Info:    Font shape `OML/cmr/m/n' in size <10> not available
(Font)              Font shape `OML/cmm/m/it' tried instead on input line 155.

<images/targets_example.png, id=35, 1393.205pt x 1043.9pt>
File: images/targets_example.png Graphic file (type png)

<use images/targets_example.png>
Package pdftex.def Info: images/targets_example.png used on input line 181.
(pdftex.def)             Requested size: 390.0pt x 292.21036pt.


LaTeX Warning: `h' float specifier changed to `ht'.

[8]
Underfull \hbox (badness 10000) in paragraph at lines 207--207
[][]\OT1/cmr/m/n/10 Further de-tails on the sys-tem re-quire-ments can be found
 at:
 []

[9 <F:/workspace/NuFiDocumentation/images/targets_example.png (PNG copy)>]
Underfull \hbox (badness 3590) in paragraph at lines 230--230
[][]\OT1/cmr/m/n/10 See https://docs.oracle.com/javase/7/docs/technotes/tools/w
indows/java.html for
 []

[10] [11]
Overfull \hbox (47.32861pt too wide) in paragraph at lines 351--357
\OT1/cmr/m/n/12 de-fined. These in-clude set-ting for bright-ness cor-rec-tion 
([][][][][][]
 []


Overfull \hbox (114.9213pt too wide) in paragraph at lines 351--357
\OT1/cmr/m/n/12 crep-an-cies be-tween chan-nel 3 col-oriza-tion and the acu-tal
 size of nu-clei ([][][][][][]). 
 []

[12] <images/folders_application.png, id=53, 222.8325pt x 222.8325pt>
File: images/folders_application.png Graphic file (type png)

<use images/folders_application.png>
Package pdftex.def Info: images/folders_application.png used on input line 380.

(pdftex.def)             Requested size: 120.45044pt x 120.45016pt.

<images/folders_data.png, id=54, 373.395pt x 415.5525pt>
File: images/folders_data.png Graphic file (type png)

<use images/folders_data.png>
Package pdftex.def Info: images/folders_data.png used on input line 381.
(pdftex.def)             Requested size: 200.75073pt x 223.41217pt.
 [13 <F:/workspace/NuFiDocumentation/images/folders_application.png (PNG copy)>
 <F:/workspace/NuFiDocumentation/images/folders_data.png (PNG copy)>] [14]
<images/example_Kanal1.png, id=62, 1393.205pt x 1043.9pt>
File: images/example_Kanal1.png Graphic file (type png)

<use images/example_Kanal1.png>
Package pdftex.def Info: images/example_Kanal1.png used on input line 412.
(pdftex.def)             Requested size: 187.19833pt x 140.25142pt.

<images/example_Kanal3.png, id=63, 1393.205pt x 1043.9pt>
File: images/example_Kanal3.png Graphic file (type png)

<use images/example_Kanal3.png>
Package pdftex.def Info: images/example_Kanal3.png used on input line 416.
(pdftex.def)             Requested size: 187.19833pt x 140.25142pt.

<images/example_Kanal3_gaussian100.png, id=64, 1393.205pt x 1043.9pt>
File: images/example_Kanal3_gaussian100.png Graphic file (type png)

<use images/example_Kanal3_gaussian100.png>
Package pdftex.def Info: images/example_Kanal3_gaussian100.png used on input li
ne 438.
(pdftex.def)             Requested size: 117.00119pt x 87.65514pt.
 [15 <F:/workspace/NuFiDocumentation/images/example_Kanal1.png (PNG copy)> <F:/
workspace/NuFiDocumentation/images/example_Kanal3.png (PNG copy)> <F:/workspace
/NuFiDocumentation/images/example_Kanal3_gaussian100.png (PNG copy)>]
<images/example_Kanal3_multiply178_gaussian2.png, id=68, 1393.205pt x 1043.9pt>
File: images/example_Kanal3_multiply178_gaussian2.png Graphic file (type png)
<use images/example_Kanal3_multiply178_gaussian2.png>
Package pdftex.def Info: images/example_Kanal3_multiply178_gaussian2.png used o
n input line 466.
(pdftex.def)             Requested size: 117.00119pt x 87.65514pt.


Package wrapfig Warning: Collision between wrapping environments on input line 
478.

<images/example_Kanal3_corrected_threshold.png, id=69, 1393.205pt x 1043.9pt>
File: images/example_Kanal3_corrected_threshold.png Graphic file (type png)

<use images/example_Kanal3_corrected_threshold.png>
Package pdftex.def Info: images/example_Kanal3_corrected_threshold.png used on 
input line 480.
(pdftex.def)             Requested size: 117.00119pt x 87.65514pt.


Package wrapfig Warning: Stationary wrapfigure forced to float on input line 48
5.

<images/example_Kanal3_rois.png, id=70, 1393.205pt x 1043.9pt>
File: images/example_Kanal3_rois.png Graphic file (type png)

<use images/example_Kanal3_rois.png>
Package pdftex.def Info: images/example_Kanal3_rois.png used on input line 507.

(pdftex.def)             Requested size: 312.00119pt x 233.76828pt.


LaTeX Warning: `h' float specifier changed to `ht'.


Package wrapfig Warning: Collision between wrapping environments on input line 
515.

<images/example_nucleus.png, id=71, 138.5175pt x 127.47626pt>
File: images/example_nucleus.png Graphic file (type png)

<use images/example_nucleus.png>
Package pdftex.def Info: images/example_nucleus.png used on input line 517.
(pdftex.def)             Requested size: 117.00119pt x 107.67451pt.


Package wrapfig Warning: Stationary wrapfigure forced to float on input line 52
2.

[16 <F:/workspace/NuFiDocumentation/images/example_Kanal3_multiply178_gaussian2
.png (PNG copy)> <F:/workspace/NuFiDocumentation/images/example_Kanal3_correcte
d_threshold.png>] [17 <F:/workspace/NuFiDocumentation/images/example_Kanal3_roi
s.png (PNG copy)> <F:/workspace/NuFiDocumentation/images/example_nucleus.png (P
NG copy)>]
<images/example_nucleus_shrinked8_blacked.png, id=79, 138.5175pt x 127.47626pt>
File: images/example_nucleus_shrinked8_blacked.png Graphic file (type png)
<use images/example_nucleus_shrinked8_blacked.png>
Package pdftex.def Info: images/example_nucleus_shrinked8_blacked.png used on i
nput line 545.
(pdftex.def)             Requested size: 117.00119pt x 107.67451pt.

Underfull \hbox (badness 3209) in paragraph at lines 547--547
\OT1/cmr/m/n/12 els, ev-ery-thing out-side
 []


<images/example_nucleus_threshold_default.png, id=80, 138.5175pt x 127.47626pt>
File: images/example_nucleus_threshold_default.png Graphic file (type png)
<use images/example_nucleus_threshold_default.png>
Package pdftex.def Info: images/example_nucleus_threshold_default.png used on i
nput line 566.
(pdftex.def)             Requested size: 89.69833pt x 82.5493pt.

<images/example_nucleus_threshold_huang.png, id=81, 138.5175pt x 127.47626pt>
File: images/example_nucleus_threshold_huang.png Graphic file (type png)

<use images/example_nucleus_threshold_huang.png>
Package pdftex.def Info: images/example_nucleus_threshold_huang.png used on inp
ut line 570.
(pdftex.def)             Requested size: 89.69833pt x 82.5493pt.

<images/example_nucleus_threshold_maxentropy.png, id=82, 138.5175pt x 127.47626
pt>
File: images/example_nucleus_threshold_maxentropy.png Graphic file (type png)
 <use images/example_nucleus_threshold_maxentropy.png>
Package pdftex.def Info: images/example_nucleus_threshold_maxentropy.png used o
n input line 574.
(pdftex.def)             Requested size: 89.69833pt x 82.5493pt.

<images/example_nucleus_threshold_shanbhag.png, id=83, 138.5175pt x 127.47626pt
>
File: images/example_nucleus_threshold_shanbhag.png Graphic file (type png)
 <use images/example_nucleus_threshold_shanbhag.png>
Package pdftex.def Info: images/example_nucleus_threshold_shanbhag.png used on 
input line 579.
(pdftex.def)             Requested size: 89.69833pt x 82.5493pt.

<images/example_nucleus_rois.png, id=84, 138.5175pt x 127.47626pt>
File: images/example_nucleus_rois.png Graphic file (type png)

<use images/example_nucleus_rois.png>
Package pdftex.def Info: images/example_nucleus_rois.png used on input line 599
.
(pdftex.def)             Requested size: 89.69833pt x 82.5493pt.

Overfull \hbox (3.64523pt too wide) in paragraph at lines 599--600
[][][] 
 []

<images/example_nucleus_rois_overlay.png, id=85, 138.5175pt x 127.47626pt>
File: images/example_nucleus_rois_overlay.png Graphic file (type png)

<use images/example_nucleus_rois_overlay.png>
Package pdftex.def Info: images/example_nucleus_rois_overlay.png used on input 
line 604.
(pdftex.def)             Requested size: 89.69833pt x 82.5493pt.


LaTeX Warning: `h' float specifier changed to `ht'.

[18 <F:/workspace/NuFiDocumentation/images/example_nucleus_shrinked8_blacked.pn
g (PNG copy)> <F:/workspace/NuFiDocumentation/images/example_nucleus_threshold_
default.png> <F:/workspace/NuFiDocumentation/images/example_nucleus_threshold_h
uang.png> <F:/workspace/NuFiDocumentation/images/example_nucleus_threshold_maxe
ntropy.png> <F:/workspace/NuFiDocumentation/images/example_nucleus_threshold_sh
anbhag.png>]
<images/example_nucleus_target.png, id=93, 145.29282pt x 146.04562pt>
File: images/example_nucleus_target.png Graphic file (type png)

<use images/example_nucleus_target.png>
Package pdftex.def Info: images/example_nucleus_target.png used on input line 6
21.
(pdftex.def)             Requested size: 117.00119pt x 117.60991pt.
 [19 <F:/workspace/NuFiDocumentation/images/example_nucleus_rois.png (PNG copy)
> <F:/workspace/NuFiDocumentation/images/example_nucleus_rois_overlay.png (PNG 
copy)> <F:/workspace/NuFiDocumentation/images/example_nucleus_target.png>]
(E:\Tools\MiKTeX\tex\latex\listings\lstlang1.sty
File: lstlang1.sty 2014/09/06 1.5e listings language file
)
LaTeX Font Info:    Font shape `OMS/cmr/m/n' in size <10> not available
(Font)              Font shape `OMS/cmsy/m/n' tried instead on input line 652.

<images/histogram_original.png, id=99, 225.84375pt x 126.4725pt>
File: images/histogram_original.png Graphic file (type png)

<use images/histogram_original.png>
Package pdftex.def Info: images/histogram_original.png used on input line 686.
(pdftex.def)             Requested size: 155.99762pt x 87.3626pt.

<images/histogram_brightness_corrected.png, id=100, 225.84375pt x 126.4725pt>
File: images/histogram_brightness_corrected.png Graphic file (type png)

<use images/histogram_brightness_corrected.png>
Package pdftex.def Info: images/histogram_brightness_corrected.png used on inpu
t line 691.
(pdftex.def)             Requested size: 155.99762pt x 87.3626pt.


LaTeX Warning: `h' float specifier changed to `ht'.

[20] [21 <F:/workspace/NuFiDocumentation/images/histogram_original.png> <F:/wor
kspace/NuFiDocumentation/images/histogram_brightness_corrected.png>]
(F:\workspace\NuFiDocumentation\document.bbl
Underfull \hbox (badness 10000) in paragraph at lines 11--17
[][]\OT1/cmr/m/sc/12 Greensted\OT1/cmr/m/n/12 , An-drew:  \OT1/cmr/m/it/12 Otsu
 Thresh-old-ing\OT1/cmr/m/n/12 .
 []


Overfull \hbox (60.00247pt too wide) in paragraph at lines 11--17
\OT1/cmtt/m/n/12 http://www.labbookpages.co.uk/software/imgProc/otsuThreshold.h
tml\OT1/cmr/m/n/12 .
 []

! Missing $ inserted.
<inserted text> 
                $
l.26 \newblock \url{http://fiji.sc/Auto_Threshold}
                                                  .
I've inserted a begin-math/end-math symbol since I think
you left one out. Proceed, with fingers crossed.

! Extra }, or forgotten $.
<recently read> \egroup 
                        
l.26 \newblock \url{http://fiji.sc/Auto_Threshold}
                                                  .
I've deleted a group-closing symbol because it seems to be
spurious, as in `$x}$'. But perhaps the } is legitimate and
you forgot something else, as in `\hbox{$x}'. In such cases
the way to recover is to insert both the forgotten and the
deleted material, e.g., by typing `I$}'.

! Missing $ inserted.
<inserted text> 
                $
l.29 
     
I've inserted a begin-math/end-math symbol since I think
you left one out. Proceed, with fingers crossed.

! Missing } inserted.
<inserted text> 
                }
l.29 
     
I've inserted something that you may have forgotten.
(See the <inserted text> above.)
With luck, this will get me unwedged. But if you
really didn't forget anything, try typing `2' now; then
my insertion and my current dilemma will both disappear.


Underfull \hbox (badness 10000) in paragraph at lines 24--29
[][]\OT1/cmr/m/sc/12 Landini\OT1/cmr/m/n/12 , Gabriel:  \OT1/cmr/m/it/12 Auto T
hresh-old\OT1/cmr/m/n/12 .
 []

! Missing $ inserted.
<inserted text> 
                $
l.39 ...{http://fiji.sc/Maximum_Entropy_Threshold}
                                                  .
I've inserted a begin-math/end-math symbol since I think
you left one out. Proceed, with fingers crossed.

! Extra }, or forgotten $.
<recently read> \egroup 
                        
l.39 ...{http://fiji.sc/Maximum_Entropy_Threshold}
                                                  .
I've deleted a group-closing symbol because it seems to be
spurious, as in `$x}$'. But perhaps the } is legitimate and
you forgot something else, as in `\hbox{$x}'. In such cases
the way to recover is to insert both the forgotten and the
deleted material, e.g., by typing `I$}'.

! Missing $ inserted.
<inserted text> 
                $
l.42 
     
I've inserted a begin-math/end-math symbol since I think
you left one out. Proceed, with fingers crossed.

! Missing } inserted.
<inserted text> 
                }
l.42 
     
I've inserted something that you may have forgotten.
(See the <inserted text> above.)
With luck, this will get me unwedged. But if you
really didn't forget anything, try typing `2' now; then
my insertion and my current dilemma will both disappear.


Underfull \hbox (badness 10000) in paragraph at lines 37--42
[][]\OT1/cmr/m/sc/12 Sacha\OT1/cmr/m/n/12 , Jerek:  \OT1/cmr/m/it/12 Max-i-mum 
En-tropy Thresh-old\OT1/cmr/m/n/12 .
 []


Underfull \hbox (badness 10000) in paragraph at lines 37--42
\OT1/cmtt/m/n/12 http://fiji.sc/Maximum$[]\OML/cmm/m/it/12 ntropy[]hreshold:  V
ersion \OT1/cmr/m/n/12 :$
 []

) [22] (F:\workspace\NuFiDocumentation\document.aux) ) 
Here is how much of TeX's memory you used:
 5904 strings out of 493921
 84079 string characters out of 3152096
 252690 words of memory out of 3000000
 9123 multiletter control sequences out of 15000+200000
 10277 words of font info for 36 fonts, out of 3000000 for 9000
 841 hyphenation exceptions out of 8191
 36i,9n,43p,256b,2027s stack positions out of 5000i,500n,10000p,200000b,50000s
<E:/Tools/MiKTeX/fonts/ty
pe1/public/amsfonts/cm/cmbx12.pfb><E:/Tools/MiKTeX/fonts/type1/public/amsfonts/
cm/cmcsc10.pfb><E:/Tools/MiKTeX/fonts/type1/public/amsfonts/cm/cmmi10.pfb><E:/T
ools/MiKTeX/fonts/type1/public/amsfonts/cm/cmmi12.pfb><E:/Tools/MiKTeX/fonts/ty
pe1/public/amsfonts/cm/cmmi8.pfb><E:/Tools/MiKTeX/fonts/type1/public/amsfonts/c
m/cmr10.pfb><E:/Tools/MiKTeX/fonts/type1/public/amsfonts/cm/cmr12.pfb><E:/Tools
/MiKTeX/fonts/type1/public/amsfonts/cm/cmr17.pfb><E:/Tools/MiKTeX/fonts/type1/p
ublic/amsfonts/cm/cmr6.pfb><E:/Tools/MiKTeX/fonts/type1/public/amsfonts/cm/cmr7
.pfb><E:/Tools/MiKTeX/fonts/type1/public/amsfonts/cm/cmr8.pfb><E:/Tools/MiKTeX/
fonts/type1/public/amsfonts/cm/cmsl12.pfb><E:/Tools/MiKTeX/fonts/type1/public/a
msfonts/cm/cmsy10.pfb><E:/Tools/MiKTeX/fonts/type1/public/amsfonts/cm/cmti12.pf
b><E:/Tools/MiKTeX/fonts/type1/public/amsfonts/cm/cmtt12.pfb>
Output written on document.pdf (22 pages, 4790530 bytes).
PDF statistics:
 162 PDF objects out of 1000 (max. 8388607)
 0 named destinations out of 1000 (max. 500000)
 106 words of extra memory for PDF output out of 10000 (max. 10000000)

